<?xml version="1.0" encoding="UTF-8"?>
<testsuite xmlns:xsi="http://www.w3.org/2001/XMLSchema-instance" xsi:noNamespaceSchemaLocation="https://maven.apache.org/surefire/maven-surefire-plugin/xsd/surefire-test-report-3.0.xsd" version="3.0" name="br.com.mauriciopollis.locadoraveiculos.LocadoraveiculosApplicationTests" time="3.694" tests="1" errors="0" skipped="0" failures="0">
  <properties>
    <property name="java.specification.version" value="21"/>
    <property name="sun.cpu.isalist" value="amd64"/>
    <property name="sun.jnu.encoding" value="Cp1252"/>
    <property name="java.class.path" value="C:\Users\mauri\intellij-workspace\locadora-veiculos\locadoraveiculosAPI\target\test-classes;C:\Users\mauri\intellij-workspace\locadora-veiculos\locadoraveiculosAPI\target\classes;C:\Users\mauri\.m2\repository\org\springframework\boot\spring-boot-starter-web\3.3.7\spring-boot-starter-web-3.3.7.jar;C:\Users\mauri\.m2\repository\org\springframework\boot\spring-boot-starter\3.3.7\spring-boot-starter-3.3.7.jar;C:\Users\mauri\.m2\repository\org\springframework\boot\spring-boot\3.3.7\spring-boot-3.3.7.jar;C:\Users\mauri\.m2\repository\org\springframework\boot\spring-boot-autoconfigure\3.3.7\spring-boot-autoconfigure-3.3.7.jar;C:\Users\mauri\.m2\repository\org\springframework\boot\spring-boot-starter-logging\3.3.7\spring-boot-starter-logging-3.3.7.jar;C:\Users\mauri\.m2\repository\ch\qos\logback\logback-classic\1.5.12\logback-classic-1.5.12.jar;C:\Users\mauri\.m2\repository\ch\qos\logback\logback-core\1.5.12\logback-core-1.5.12.jar;C:\Users\mauri\.m2\repository\org\apache\logging\log4j\log4j-to-slf4j\2.23.1\log4j-to-slf4j-2.23.1.jar;C:\Users\mauri\.m2\repository\org\apache\logging\log4j\log4j-api\2.23.1\log4j-api-2.23.1.jar;C:\Users\mauri\.m2\repository\org\slf4j\jul-to-slf4j\2.0.16\jul-to-slf4j-2.0.16.jar;C:\Users\mauri\.m2\repository\jakarta\annotation\jakarta.annotation-api\2.1.1\jakarta.annotation-api-2.1.1.jar;C:\Users\mauri\.m2\repository\org\yaml\snakeyaml\2.2\snakeyaml-2.2.jar;C:\Users\mauri\.m2\repository\org\springframework\boot\spring-boot-starter-json\3.3.7\spring-boot-starter-json-3.3.7.jar;C:\Users\mauri\.m2\repository\com\fasterxml\jackson\core\jackson-databind\2.17.3\jackson-databind-2.17.3.jar;C:\Users\mauri\.m2\repository\com\fasterxml\jackson\core\jackson-annotations\2.17.3\jackson-annotations-2.17.3.jar;C:\Users\mauri\.m2\repository\com\fasterxml\jackson\core\jackson-core\2.17.3\jackson-core-2.17.3.jar;C:\Users\mauri\.m2\repository\com\fasterxml\jackson\datatype\jackson-datatype-jdk8\2.17.3\jackson-datatype-jdk8-2.17.3.jar;C:\Users\mauri\.m2\repository\com\fasterxml\jackson\datatype\jackson-datatype-jsr310\2.17.3\jackson-datatype-jsr310-2.17.3.jar;C:\Users\mauri\.m2\repository\com\fasterxml\jackson\module\jackson-module-parameter-names\2.17.3\jackson-module-parameter-names-2.17.3.jar;C:\Users\mauri\.m2\repository\org\springframework\boot\spring-boot-starter-tomcat\3.3.7\spring-boot-starter-tomcat-3.3.7.jar;C:\Users\mauri\.m2\repository\org\apache\tomcat\embed\tomcat-embed-core\10.1.34\tomcat-embed-core-10.1.34.jar;C:\Users\mauri\.m2\repository\org\apache\tomcat\embed\tomcat-embed-el\10.1.34\tomcat-embed-el-10.1.34.jar;C:\Users\mauri\.m2\repository\org\apache\tomcat\embed\tomcat-embed-websocket\10.1.34\tomcat-embed-websocket-10.1.34.jar;C:\Users\mauri\.m2\repository\org\springframework\spring-web\6.1.16\spring-web-6.1.16.jar;C:\Users\mauri\.m2\repository\org\springframework\spring-beans\6.1.16\spring-beans-6.1.16.jar;C:\Users\mauri\.m2\repository\io\micrometer\micrometer-observation\1.13.9\micrometer-observation-1.13.9.jar;C:\Users\mauri\.m2\repository\io\micrometer\micrometer-commons\1.13.9\micrometer-commons-1.13.9.jar;C:\Users\mauri\.m2\repository\org\springframework\spring-webmvc\6.1.16\spring-webmvc-6.1.16.jar;C:\Users\mauri\.m2\repository\org\springframework\spring-aop\6.1.16\spring-aop-6.1.16.jar;C:\Users\mauri\.m2\repository\org\springframework\spring-context\6.1.16\spring-context-6.1.16.jar;C:\Users\mauri\.m2\repository\org\springframework\spring-expression\6.1.16\spring-expression-6.1.16.jar;C:\Users\mauri\.m2\repository\org\springframework\boot\spring-boot-starter-test\3.3.7\spring-boot-starter-test-3.3.7.jar;C:\Users\mauri\.m2\repository\org\springframework\boot\spring-boot-test\3.3.7\spring-boot-test-3.3.7.jar;C:\Users\mauri\.m2\repository\org\springframework\boot\spring-boot-test-autoconfigure\3.3.7\spring-boot-test-autoconfigure-3.3.7.jar;C:\Users\mauri\.m2\repository\com\jayway\jsonpath\json-path\2.9.0\json-path-2.9.0.jar;C:\Users\mauri\.m2\repository\org\slf4j\slf4j-api\2.0.16\slf4j-api-2.0.16.jar;C:\Users\mauri\.m2\repository\jakarta\xml\bind\jakarta.xml.bind-api\4.0.2\jakarta.xml.bind-api-4.0.2.jar;C:\Users\mauri\.m2\repository\jakarta\activation\jakarta.activation-api\2.1.3\jakarta.activation-api-2.1.3.jar;C:\Users\mauri\.m2\repository\net\minidev\json-smart\2.5.1\json-smart-2.5.1.jar;C:\Users\mauri\.m2\repository\net\minidev\accessors-smart\2.5.1\accessors-smart-2.5.1.jar;C:\Users\mauri\.m2\repository\org\ow2\asm\asm\9.6\asm-9.6.jar;C:\Users\mauri\.m2\repository\org\assertj\assertj-core\3.25.3\assertj-core-3.25.3.jar;C:\Users\mauri\.m2\repository\net\bytebuddy\byte-buddy\1.14.19\byte-buddy-1.14.19.jar;C:\Users\mauri\.m2\repository\org\awaitility\awaitility\4.2.2\awaitility-4.2.2.jar;C:\Users\mauri\.m2\repository\org\hamcrest\hamcrest\2.2\hamcrest-2.2.jar;C:\Users\mauri\.m2\repository\org\junit\jupiter\junit-jupiter\5.10.5\junit-jupiter-5.10.5.jar;C:\Users\mauri\.m2\repository\org\junit\jupiter\junit-jupiter-api\5.10.5\junit-jupiter-api-5.10.5.jar;C:\Users\mauri\.m2\repository\org\opentest4j\opentest4j\1.3.0\opentest4j-1.3.0.jar;C:\Users\mauri\.m2\repository\org\junit\platform\junit-platform-commons\1.10.5\junit-platform-commons-1.10.5.jar;C:\Users\mauri\.m2\repository\org\apiguardian\apiguardian-api\1.1.2\apiguardian-api-1.1.2.jar;C:\Users\mauri\.m2\repository\org\junit\jupiter\junit-jupiter-params\5.10.5\junit-jupiter-params-5.10.5.jar;C:\Users\mauri\.m2\repository\org\junit\jupiter\junit-jupiter-engine\5.10.5\junit-jupiter-engine-5.10.5.jar;C:\Users\mauri\.m2\repository\org\junit\platform\junit-platform-engine\1.10.5\junit-platform-engine-1.10.5.jar;C:\Users\mauri\.m2\repository\org\mockito\mockito-core\5.11.0\mockito-core-5.11.0.jar;C:\Users\mauri\.m2\repository\net\bytebuddy\byte-buddy-agent\1.14.19\byte-buddy-agent-1.14.19.jar;C:\Users\mauri\.m2\repository\org\objenesis\objenesis\3.3\objenesis-3.3.jar;C:\Users\mauri\.m2\repository\org\mockito\mockito-junit-jupiter\5.11.0\mockito-junit-jupiter-5.11.0.jar;C:\Users\mauri\.m2\repository\org\skyscreamer\jsonassert\1.5.3\jsonassert-1.5.3.jar;C:\Users\mauri\.m2\repository\com\vaadin\external\google\android-json\0.0.20131108.vaadin1\android-json-0.0.20131108.vaadin1.jar;C:\Users\mauri\.m2\repository\org\springframework\spring-core\6.1.16\spring-core-6.1.16.jar;C:\Users\mauri\.m2\repository\org\springframework\spring-jcl\6.1.16\spring-jcl-6.1.16.jar;C:\Users\mauri\.m2\repository\org\springframework\spring-test\6.1.16\spring-test-6.1.16.jar;C:\Users\mauri\.m2\repository\org\xmlunit\xmlunit-core\2.9.1\xmlunit-core-2.9.1.jar;C:\Users\mauri\.m2\repository\org\springdoc\springdoc-openapi-starter-webmvc-ui\2.2.0\springdoc-openapi-starter-webmvc-ui-2.2.0.jar;C:\Users\mauri\.m2\repository\org\springdoc\springdoc-openapi-starter-webmvc-api\2.2.0\springdoc-openapi-starter-webmvc-api-2.2.0.jar;C:\Users\mauri\.m2\repository\org\springdoc\springdoc-openapi-starter-common\2.2.0\springdoc-openapi-starter-common-2.2.0.jar;C:\Users\mauri\.m2\repository\io\swagger\core\v3\swagger-core-jakarta\2.2.15\swagger-core-jakarta-2.2.15.jar;C:\Users\mauri\.m2\repository\org\apache\commons\commons-lang3\3.14.0\commons-lang3-3.14.0.jar;C:\Users\mauri\.m2\repository\io\swagger\core\v3\swagger-annotations-jakarta\2.2.15\swagger-annotations-jakarta-2.2.15.jar;C:\Users\mauri\.m2\repository\io\swagger\core\v3\swagger-models-jakarta\2.2.15\swagger-models-jakarta-2.2.15.jar;C:\Users\mauri\.m2\repository\jakarta\validation\jakarta.validation-api\3.0.2\jakarta.validation-api-3.0.2.jar;C:\Users\mauri\.m2\repository\com\fasterxml\jackson\dataformat\jackson-dataformat-yaml\2.17.3\jackson-dataformat-yaml-2.17.3.jar;C:\Users\mauri\.m2\repository\org\webjars\swagger-ui\5.2.0\swagger-ui-5.2.0.jar;"/>
    <property name="java.vm.vendor" value="Eclipse Adoptium"/>
    <property name="sun.arch.data.model" value="64"/>
    <property name="user.variant" value=""/>
    <property name="java.vendor.url" value="https://adoptium.net/"/>
    <property name="user.timezone" value="America/Sao_Paulo"/>
    <property name="user.country.format" value="BR"/>
    <property name="os.name" value="Windows 11"/>
    <property name="java.vm.specification.version" value="21"/>
    <property name="sun.java.launcher" value="SUN_STANDARD"/>
    <property name="user.country" value="US"/>
    <property name="sun.boot.library.path" value="C:\Users\mauri\.jdks\temurin-21.0.4\bin"/>
    <property name="sun.java.command" value="C:\Users\mauri\AppData\Local\Temp\surefire5146667966435926722\surefirebooter-20250111155201728_3.jar C:\Users\mauri\AppData\Local\Temp\surefire5146667966435926722 2025-01-11T15-52-01_585-jvmRun1 surefire-20250111155201728_1tmp surefire_0-20250111155201728_2tmp"/>
    <property name="jdk.debug" value="release"/>
    <property name="surefire.test.class.path" value="C:\Users\mauri\intellij-workspace\locadora-veiculos\locadoraveiculosAPI\target\test-classes;C:\Users\mauri\intellij-workspace\locadora-veiculos\locadoraveiculosAPI\target\classes;C:\Users\mauri\.m2\repository\org\springframework\boot\spring-boot-starter-web\3.3.7\spring-boot-starter-web-3.3.7.jar;C:\Users\mauri\.m2\repository\org\springframework\boot\spring-boot-starter\3.3.7\spring-boot-starter-3.3.7.jar;C:\Users\mauri\.m2\repository\org\springframework\boot\spring-boot\3.3.7\spring-boot-3.3.7.jar;C:\Users\mauri\.m2\repository\org\springframework\boot\spring-boot-autoconfigure\3.3.7\spring-boot-autoconfigure-3.3.7.jar;C:\Users\mauri\.m2\repository\org\springframework\boot\spring-boot-starter-logging\3.3.7\spring-boot-starter-logging-3.3.7.jar;C:\Users\mauri\.m2\repository\ch\qos\logback\logback-classic\1.5.12\logback-classic-1.5.12.jar;C:\Users\mauri\.m2\repository\ch\qos\logback\logback-core\1.5.12\logback-core-1.5.12.jar;C:\Users\mauri\.m2\repository\org\apache\logging\log4j\log4j-to-slf4j\2.23.1\log4j-to-slf4j-2.23.1.jar;C:\Users\mauri\.m2\repository\org\apache\logging\log4j\log4j-api\2.23.1\log4j-api-2.23.1.jar;C:\Users\mauri\.m2\repository\org\slf4j\jul-to-slf4j\2.0.16\jul-to-slf4j-2.0.16.jar;C:\Users\mauri\.m2\repository\jakarta\annotation\jakarta.annotation-api\2.1.1\jakarta.annotation-api-2.1.1.jar;C:\Users\mauri\.m2\repository\org\yaml\snakeyaml\2.2\snakeyaml-2.2.jar;C:\Users\mauri\.m2\repository\org\springframework\boot\spring-boot-starter-json\3.3.7\spring-boot-starter-json-3.3.7.jar;C:\Users\mauri\.m2\repository\com\fasterxml\jackson\core\jackson-databind\2.17.3\jackson-databind-2.17.3.jar;C:\Users\mauri\.m2\repository\com\fasterxml\jackson\core\jackson-annotations\2.17.3\jackson-annotations-2.17.3.jar;C:\Users\mauri\.m2\repository\com\fasterxml\jackson\core\jackson-core\2.17.3\jackson-core-2.17.3.jar;C:\Users\mauri\.m2\repository\com\fasterxml\jackson\datatype\jackson-datatype-jdk8\2.17.3\jackson-datatype-jdk8-2.17.3.jar;C:\Users\mauri\.m2\repository\com\fasterxml\jackson\datatype\jackson-datatype-jsr310\2.17.3\jackson-datatype-jsr310-2.17.3.jar;C:\Users\mauri\.m2\repository\com\fasterxml\jackson\module\jackson-module-parameter-names\2.17.3\jackson-module-parameter-names-2.17.3.jar;C:\Users\mauri\.m2\repository\org\springframework\boot\spring-boot-starter-tomcat\3.3.7\spring-boot-starter-tomcat-3.3.7.jar;C:\Users\mauri\.m2\repository\org\apache\tomcat\embed\tomcat-embed-core\10.1.34\tomcat-embed-core-10.1.34.jar;C:\Users\mauri\.m2\repository\org\apache\tomcat\embed\tomcat-embed-el\10.1.34\tomcat-embed-el-10.1.34.jar;C:\Users\mauri\.m2\repository\org\apache\tomcat\embed\tomcat-embed-websocket\10.1.34\tomcat-embed-websocket-10.1.34.jar;C:\Users\mauri\.m2\repository\org\springframework\spring-web\6.1.16\spring-web-6.1.16.jar;C:\Users\mauri\.m2\repository\org\springframework\spring-beans\6.1.16\spring-beans-6.1.16.jar;C:\Users\mauri\.m2\repository\io\micrometer\micrometer-observation\1.13.9\micrometer-observation-1.13.9.jar;C:\Users\mauri\.m2\repository\io\micrometer\micrometer-commons\1.13.9\micrometer-commons-1.13.9.jar;C:\Users\mauri\.m2\repository\org\springframework\spring-webmvc\6.1.16\spring-webmvc-6.1.16.jar;C:\Users\mauri\.m2\repository\org\springframework\spring-aop\6.1.16\spring-aop-6.1.16.jar;C:\Users\mauri\.m2\repository\org\springframework\spring-context\6.1.16\spring-context-6.1.16.jar;C:\Users\mauri\.m2\repository\org\springframework\spring-expression\6.1.16\spring-expression-6.1.16.jar;C:\Users\mauri\.m2\repository\org\springframework\boot\spring-boot-starter-test\3.3.7\spring-boot-starter-test-3.3.7.jar;C:\Users\mauri\.m2\repository\org\springframework\boot\spring-boot-test\3.3.7\spring-boot-test-3.3.7.jar;C:\Users\mauri\.m2\repository\org\springframework\boot\spring-boot-test-autoconfigure\3.3.7\spring-boot-test-autoconfigure-3.3.7.jar;C:\Users\mauri\.m2\repository\com\jayway\jsonpath\json-path\2.9.0\json-path-2.9.0.jar;C:\Users\mauri\.m2\repository\org\slf4j\slf4j-api\2.0.16\slf4j-api-2.0.16.jar;C:\Users\mauri\.m2\repository\jakarta\xml\bind\jakarta.xml.bind-api\4.0.2\jakarta.xml.bind-api-4.0.2.jar;C:\Users\mauri\.m2\repository\jakarta\activation\jakarta.activation-api\2.1.3\jakarta.activation-api-2.1.3.jar;C:\Users\mauri\.m2\repository\net\minidev\json-smart\2.5.1\json-smart-2.5.1.jar;C:\Users\mauri\.m2\repository\net\minidev\accessors-smart\2.5.1\accessors-smart-2.5.1.jar;C:\Users\mauri\.m2\repository\org\ow2\asm\asm\9.6\asm-9.6.jar;C:\Users\mauri\.m2\repository\org\assertj\assertj-core\3.25.3\assertj-core-3.25.3.jar;C:\Users\mauri\.m2\repository\net\bytebuddy\byte-buddy\1.14.19\byte-buddy-1.14.19.jar;C:\Users\mauri\.m2\repository\org\awaitility\awaitility\4.2.2\awaitility-4.2.2.jar;C:\Users\mauri\.m2\repository\org\hamcrest\hamcrest\2.2\hamcrest-2.2.jar;C:\Users\mauri\.m2\repository\org\junit\jupiter\junit-jupiter\5.10.5\junit-jupiter-5.10.5.jar;C:\Users\mauri\.m2\repository\org\junit\jupiter\junit-jupiter-api\5.10.5\junit-jupiter-api-5.10.5.jar;C:\Users\mauri\.m2\repository\org\opentest4j\opentest4j\1.3.0\opentest4j-1.3.0.jar;C:\Users\mauri\.m2\repository\org\junit\platform\junit-platform-commons\1.10.5\junit-platform-commons-1.10.5.jar;C:\Users\mauri\.m2\repository\org\apiguardian\apiguardian-api\1.1.2\apiguardian-api-1.1.2.jar;C:\Users\mauri\.m2\repository\org\junit\jupiter\junit-jupiter-params\5.10.5\junit-jupiter-params-5.10.5.jar;C:\Users\mauri\.m2\repository\org\junit\jupiter\junit-jupiter-engine\5.10.5\junit-jupiter-engine-5.10.5.jar;C:\Users\mauri\.m2\repository\org\junit\platform\junit-platform-engine\1.10.5\junit-platform-engine-1.10.5.jar;C:\Users\mauri\.m2\repository\org\mockito\mockito-core\5.11.0\mockito-core-5.11.0.jar;C:\Users\mauri\.m2\repository\net\bytebuddy\byte-buddy-agent\1.14.19\byte-buddy-agent-1.14.19.jar;C:\Users\mauri\.m2\repository\org\objenesis\objenesis\3.3\objenesis-3.3.jar;C:\Users\mauri\.m2\repository\org\mockito\mockito-junit-jupiter\5.11.0\mockito-junit-jupiter-5.11.0.jar;C:\Users\mauri\.m2\repository\org\skyscreamer\jsonassert\1.5.3\jsonassert-1.5.3.jar;C:\Users\mauri\.m2\repository\com\vaadin\external\google\android-json\0.0.20131108.vaadin1\android-json-0.0.20131108.vaadin1.jar;C:\Users\mauri\.m2\repository\org\springframework\spring-core\6.1.16\spring-core-6.1.16.jar;C:\Users\mauri\.m2\repository\org\springframework\spring-jcl\6.1.16\spring-jcl-6.1.16.jar;C:\Users\mauri\.m2\repository\org\springframework\spring-test\6.1.16\spring-test-6.1.16.jar;C:\Users\mauri\.m2\repository\org\xmlunit\xmlunit-core\2.9.1\xmlunit-core-2.9.1.jar;C:\Users\mauri\.m2\repository\org\springdoc\springdoc-openapi-starter-webmvc-ui\2.2.0\springdoc-openapi-starter-webmvc-ui-2.2.0.jar;C:\Users\mauri\.m2\repository\org\springdoc\springdoc-openapi-starter-webmvc-api\2.2.0\springdoc-openapi-starter-webmvc-api-2.2.0.jar;C:\Users\mauri\.m2\repository\org\springdoc\springdoc-openapi-starter-common\2.2.0\springdoc-openapi-starter-common-2.2.0.jar;C:\Users\mauri\.m2\repository\io\swagger\core\v3\swagger-core-jakarta\2.2.15\swagger-core-jakarta-2.2.15.jar;C:\Users\mauri\.m2\repository\org\apache\commons\commons-lang3\3.14.0\commons-lang3-3.14.0.jar;C:\Users\mauri\.m2\repository\io\swagger\core\v3\swagger-annotations-jakarta\2.2.15\swagger-annotations-jakarta-2.2.15.jar;C:\Users\mauri\.m2\repository\io\swagger\core\v3\swagger-models-jakarta\2.2.15\swagger-models-jakarta-2.2.15.jar;C:\Users\mauri\.m2\repository\jakarta\validation\jakarta.validation-api\3.0.2\jakarta.validation-api-3.0.2.jar;C:\Users\mauri\.m2\repository\com\fasterxml\jackson\dataformat\jackson-dataformat-yaml\2.17.3\jackson-dataformat-yaml-2.17.3.jar;C:\Users\mauri\.m2\repository\org\webjars\swagger-ui\5.2.0\swagger-ui-5.2.0.jar;"/>
    <property name="sun.cpu.endian" value="little"/>
    <property name="user.home" value="C:\Users\mauri"/>
    <property name="user.language" value="en"/>
    <property name="java.specification.vendor" value="Oracle Corporation"/>
    <property name="java.version.date" value="2024-07-16"/>
    <property name="java.home" value="C:\Users\mauri\.jdks\temurin-21.0.4"/>
    <property name="file.separator" value="\"/>
    <property name="basedir" value="C:\Users\mauri\intellij-workspace\locadora-veiculos\locadoraveiculosAPI"/>
    <property name="java.vm.compressedOopsMode" value="32-bit"/>
    <property name="line.separator" value="&#10;"/>
    <property name="java.vm.specification.vendor" value="Oracle Corporation"/>
    <property name="java.specification.name" value="Java Platform API Specification"/>
    <property name="FILE_LOG_CHARSET" value="UTF-8"/>
    <property name="java.awt.headless" value="true"/>
    <property name="surefire.real.class.path" value="C:\Users\mauri\AppData\Local\Temp\surefire5146667966435926722\surefirebooter-20250111155201728_3.jar"/>
    <property name="user.script" value=""/>
    <property name="sun.management.compiler" value="HotSpot 64-Bit Tiered Compilers"/>
    <property name="java.runtime.version" value="21.0.4+7-LTS"/>
    <property name="user.name" value="mauri"/>
    <property name="stdout.encoding" value="Cp1252"/>
    <property name="path.separator" value=";"/>
    <property name="os.version" value="10.0"/>
    <property name="java.runtime.name" value="OpenJDK Runtime Environment"/>
    <property name="file.encoding" value="UTF-8"/>
    <property name="java.vm.name" value="OpenJDK 64-Bit Server VM"/>
    <property name="java.vendor.version" value="Temurin-21.0.4+7"/>
    <property name="localRepository" value="C:\Users\mauri\.m2\repository"/>
    <property name="java.vendor.url.bug" value="https://github.com/adoptium/adoptium-support/issues"/>
    <property name="java.io.tmpdir" value="C:\Users\mauri\AppData\Local\Temp\"/>
    <property name="idea.version" value="2024.2.2"/>
    <property name="java.version" value="21.0.4"/>
    <property name="user.dir" value="C:\Users\mauri\intellij-workspace\locadora-veiculos\locadoraveiculosAPI"/>
    <property name="os.arch" value="amd64"/>
    <property name="java.vm.specification.name" value="Java Virtual Machine Specification"/>
    <property name="PID" value="3876"/>
    <property name="user.language.format" value="pt"/>
    <property name="sun.os.patch.level" value=""/>
    <property name="CONSOLE_LOG_CHARSET" value="UTF-8"/>
    <property name="native.encoding" value="Cp1252"/>
    <property name="java.library.path" value="C:\Users\mauri\.jdks\temurin-21.0.4\bin;C:\Windows\Sun\Java\bin;C:\Windows\system32;C:\Windows;C:\Windows\system32;C:\Windows;C:\Windows\System32\Wbem;C:\Windows\System32\WindowsPowerShell\v1.0\;C:\Windows\System32\OpenSSH\;C:\Program Files\Git\cmd;C:\Program Files\TortoiseSVN\bin;C:\Program Files\Java\jdk-21.0.3\bin;C:\Program Files\MySQL\MySQL Server 9.0\bin;C:\Users\mauri\AppData\Local\Programs\Python\Python311;C:\Program Files (x86)\Wolfram Research\WolframScript\;C:\Program Files\apache-maven-3.9.9\bin;C:\Program Files\dotnet\;C:\Users\mauri\.jbang\bin;C:\Users\mauri\AppData\Local\Programs\Python\Python311\Scripts\;C:\Users\mauri\AppData\Local\Programs\Python\Python311\;C:\Users\mauri\AppData\Local\Microsoft\WindowsApps;C:\Users\mauri\AppData\Local\Programs\Microsoft VS Code\bin;C:\Users\mauri\.dotnet\tools;."/>
    <property name="java.vm.info" value="mixed mode, sharing"/>
    <property name="stderr.encoding" value="Cp1252"/>
    <property name="java.vendor" value="Eclipse Adoptium"/>
    <property name="java.vm.version" value="21.0.4+7-LTS"/>
    <property name="sun.io.unicode.encoding" value="UnicodeLittle"/>
    <property name="java.class.version" value="65.0"/>
    <property name="LOGGED_APPLICATION_NAME" value="[locadoraveiculos] "/>
  </properties>
  <testcase name="contextLoads" classname="br.com.mauriciopollis.locadoraveiculos.LocadoraveiculosApplicationTests" time="1.002">
    <system-out><![CDATA[15:52:03.796 [main] INFO org.springframework.test.context.support.AnnotationConfigContextLoaderUtils -- Could not detect default configuration classes for test class [br.com.mauriciopollis.locadoraveiculos.LocadoraveiculosApplicationTests]: LocadoraveiculosApplicationTests does not declare any static, non-private, non-final, nested classes annotated with @Configuration.
15:52:03.922 [main] INFO org.springframework.boot.test.context.SpringBootTestContextBootstrapper -- Found @SpringBootConfiguration br.com.mauriciopollis.locadoraveiculos.LocadoraveiculosApplication for test class br.com.mauriciopollis.locadoraveiculos.LocadoraveiculosApplicationTests

  .   ____          _            __ _ _
 /\\ / ___'_ __ _ _(_)_ __  __ _ \ \ \ \
( ( )\___ | '_ | '_| | '_ \/ _` | \ \ \ \
 \\/  ___)| |_)| | | | | || (_| |  ) ) ) )
  '  |____| .__|_| |_|_| |_\__, | / / / /
 =========|_|==============|___/=/_/_/_/

 :: Spring Boot ::                (v3.3.7)

2025-01-11T15:52:04.430-03:00  INFO 3876 --- [locadoraveiculos] [           main] b.c.m.l.LocadoraveiculosApplicationTests : Starting LocadoraveiculosApplicationTests using Java 21.0.4 with PID 3876 (started by mauri in C:\Users\mauri\intellij-workspace\locadora-veiculos\locadoraveiculosAPI)
2025-01-11T15:52:04.432-03:00  INFO 3876 --- [locadoraveiculos] [           main] b.c.m.l.LocadoraveiculosApplicationTests : No active profile set, falling back to 1 default profile: "default"
2025-01-11T15:52:05.794-03:00  INFO 3876 --- [locadoraveiculos] [           main] o.s.v.b.OptionalValidatorFactoryBean     : Failed to set up a Bean Validation provider: jakarta.validation.NoProviderFoundException: Unable to create a Configuration, because no Jakarta Bean Validation provider could be found. Add a provider like Hibernate Validator (RI) to your classpath.
2025-01-11T15:52:06.255-03:00  INFO 3876 --- [locadoraveiculos] [           main] b.c.m.l.LocadoraveiculosApplicationTests : Started LocadoraveiculosApplicationTests in 2.171 seconds (process running for 4.343)
]]></system-out>
    <system-err><![CDATA[WARNING: A Java agent has been loaded dynamically (C:\Users\mauri\.m2\repository\net\bytebuddy\byte-buddy-agent\1.14.19\byte-buddy-agent-1.14.19.jar)
WARNING: If a serviceability tool is in use, please run with -XX:+EnableDynamicAgentLoading to hide this warning
WARNING: If a serviceability tool is not in use, please run with -Djdk.instrument.traceUsage for more information
WARNING: Dynamic loading of agents will be disallowed by default in a future release
]]></system-err>
  </testcase>
</testsuite>